        -:    0:Source:original.c
        -:    0:Graph:original.gcno
        -:    0:Data:original.gcda
        -:    0:Runs:3
        -:    1:// refactor_example/original.c
        -:    2:#include <stdbool.h>
        -:    3:#include <stdlib.h>
        -:    4:#include <stdio.h>
        -:    5:/*
        -:    6: * Original decision:
        -:    7: *   (speed > 0 && brake == 0) || emergency
        -:    8: *
        -:    9: * The main has NO checks, NO extra branches.
        -:   10: * Coverage is clean: only the decision under test.
        -:   11: */
        -:   12:
function main called 3 returned 100% blocks executed 100%
        3:   13:int main(int argc, char **argv)
        -:   14:{
        3:   15:    int speed     = atoi(argv[1]);
        3:   16:    int brake     = atoi(argv[2]);
        3:   17:    int emergency = atoi(argv[3]);
        -:   18:
        3:   19:    bool decision = ((speed > 0 && brake == 0) || (emergency != 0));
branch  0 taken 67% (fallthrough)
branch  1 taken 33%
branch  2 taken 50% (fallthrough)
branch  3 taken 50%
branch  4 taken 50% (fallthrough)
branch  5 taken 50%
        -:   20:
        -:   21:    if (decision) { 
        -:   22:        (void)0; 
        -:   23:    }
        -:   24:    else          
        -:   25:    { 
        -:   26:        (void)0; 
        -:   27:    }
        -:   28:
        3:   29:    return 0;   // always 0 so the script never stops
        -:   30:}
