        -:    0:Source:or_chair/source/or2.c
        -:    0:Graph:./or2.gcno
        -:    0:Data:./or2.gcda
        -:    0:Runs:3
        -:    1:// or2.c - Homogeneous OR-only chain with 2 clauses: A || B
        -:    2:
        -:    3:#include <stdio.h>
        -:    4:#include <stdlib.h>
        -:    5:
        -:    6:/*
        -:    7: * pattern = 2-bit integer: pattern = 2*A + B
        -:    8: * A is bit 1, B is bit 0.
        -:    9: *
        -:   10: * Examples:
        -:   11: *  pattern 0 -> A=0,B=0
        -:   12: *  pattern 1 -> A=0,B=1
        -:   13: *  pattern 2 -> A=1,B=0
        -:   14: *  pattern 3 -> A=1,B=1
        -:   15: *
        -:   16: * Canonical classes for OR with 2 clauses:
        -:   17: *  Determining value is 1, non-determining is 0.
        -:   18: *  K1: A = 1               -> patterns 2,3
        -:   19: *  K2: A = 0, B = 1        -> pattern 1
        -:   20: *  K0: A = 0, B = 0        -> pattern 0
        -:   21: */
        -:   22:
        -:   23:static int pattern;
        -:   24:
function A called 3 returned 100% blocks executed 100%
        3:   25:int A(void) { return (pattern >> 1) & 1; }
function B called 3 returned 100% blocks executed 100%
        3:   26:int B(void) { return (pattern >> 0) & 1; }
        -:   27:
function decision called 3 returned 100% blocks executed 86%
        3:   28:int decision(void) {
        3:   29:    int a = A();
call    0 returned 100%
        3:   30:    int b = B();
call    0 returned 100%
        3:   31:    if (a || b) {
branch  0 taken 33% (fallthrough)
branch  1 taken 67%
branch  2 taken 100% (fallthrough)
branch  3 taken 0%
        3:   32:        return 1;
        -:   33:    }
    #####:   34:    return 0;
        -:   35:}
        -:   36:
function main called 3 returned 100% blocks executed 100%
        3:   37:int main(int argc, char **argv) {
        3:   38:    pattern = atoi(argv[1]);
        3:   39:    int res = decision();
call    0 returned 100%
        3:   40:    printf("or2: pattern=%d -> E=%d\n", pattern, res);
call    0 returned 100%
        3:   41:    return res;
        -:   42:}
