        -:    0:Source:or_chair/source/or4.c
        -:    0:Graph:./or4.gcno
        -:    0:Data:./or4.gcda
        -:    0:Runs:15
        -:    1:// or4.c - Homogeneous OR-only chain with 4 clauses: A || B || C || D
        -:    2:
        -:    3:#include <stdio.h>
        -:    4:#include <stdlib.h>
        -:    5:
        -:    6:/*
        -:    7: * pattern = 4-bit integer: pattern = 8*A + 4*B + 2*C + D
        -:    8: * A is bit 3, B is bit 2, C is bit 1, D is bit 0.
        -:    9: *
        -:   10: * Canonical classes for OR with 4 clauses:
        -:   11: *  Determining value is 1, non-determining is 0.
        -:   12: *
        -:   13: *  K1: A = 1                           -> patterns 8..15
        -:   14: *  K2: A = 0, B = 1                    -> patterns 4..7
        -:   15: *  K3: A = 0, B = 0, C = 1             -> patterns 2,3
        -:   16: *  K4: A = 0, B = 0, C = 0, D = 1      -> pattern 1
        -:   17: *  K0: A = 0, B = 0, C = 0, D = 0      -> pattern 0
        -:   18: */
        -:   19:
        -:   20:static int pattern;
        -:   21:
function A called 15 returned 100% blocks executed 100%
       15:   22:int A(void) { return (pattern >> 3) & 1; }
function B called 15 returned 100% blocks executed 100%
       15:   23:int B(void) { return (pattern >> 2) & 1; }
function C called 15 returned 100% blocks executed 100%
       15:   24:int C(void) { return (pattern >> 1) & 1; }
function D called 15 returned 100% blocks executed 100%
       15:   25:int D(void) { return (pattern >> 0) & 1; }
        -:   26:
function decision called 15 returned 100% blocks executed 100%
       15:   27:int decision(void) {
       15:   28:    int a = A();
call    0 returned 100%
       15:   29:    int b = B();
call    0 returned 100%
       15:   30:    int c = C();
call    0 returned 100%
       15:   31:    int d = D();
call    0 returned 100%
       15:   32:    if (a || b || c || d) {
branch  0 taken 47% (fallthrough)
branch  1 taken 53%
branch  2 taken 43% (fallthrough)
branch  3 taken 57%
branch  4 taken 33% (fallthrough)
branch  5 taken 67%
branch  6 taken 0% (fallthrough)
branch  7 taken 100%
       14:   33:        return 1;
        -:   34:    }
        1:   35:    return 0;
        -:   36:}
        -:   37:
function main called 15 returned 100% blocks executed 100%
       15:   38:int main(int argc, char **argv) {
       15:   39:    pattern = atoi(argv[1]);
       15:   40:    int res = decision();
call    0 returned 100%
       15:   41:    printf("or4: pattern=%d -> E=%d\n", pattern, res);
call    0 returned 100%
       15:   42:    return res;
        -:   43:}
